# JRE version: OpenJDK Runtime Environment Temurin-17.0.17+10 (17.0.17+10) (build 17.0.17+10)
# Java VM: OpenJDK 64-Bit Server VM Temurin-17.0.17+10 (17.0.17+10, mixed mode, sharing, tiered, compressed oops, compressed class ptrs, g1 gc, windows-amd64)
GC Precious Log:
 CPUs: 16 total, 16 available
 Memory: 14092M
 Large Page Support: Disabled
 NUMA Support: Disabled
 Compressed Oops: Enabled (32-bit)
 Heap Region Size: 1M
 Heap Min Capacity: 256M
 Heap Initial Capacity: 256M
 Heap Max Capacity: 512M
 Pre-touch: Disabled
 Parallel Workers: 13
 Concurrent Workers: 3
 Concurrent Refinement Workers: 13
 Periodic GC: Disabled
Heap:
 garbage-first heap   total 524288K, used 296166K [0x00000000e0000000, 0x0000000100000000)
  region size 1024K, 15 young (15360K), 9 survivors (9216K)
 Metaspace       used 275859K, committed 278080K, reserved 589824K
  class space    used 36521K, committed 37632K, reserved 327680K
GC Heap History (20 events):
Event: 196.827 GC heap before
{Heap before GC invocations=108 (full 0):
 garbage-first heap   total 524288K, used 444566K [0x00000000e0000000, 0x0000000100000000)
  region size 1024K, 175 young (179200K), 11 survivors (11264K)
 Metaspace       used 250996K, committed 253056K, reserved 589824K
  class space    used 33356K, committed 34368K, reserved 327680K
}
Event: 196.833 GC heap after
{Heap after GC invocations=109 (full 0):
 garbage-first heap   total 524288K, used 277802K [0x00000000e0000000, 0x0000000100000000)
  region size 1024K, 12 young (12288K), 12 survivors (12288K)
 Metaspace       used 250996K, committed 253056K, reserved 589824K
  class space    used 33356K, committed 34368K, reserved 327680K
}
Event: 197.755 GC heap before
{Heap before GC invocations=110 (full 0):
 garbage-first heap   total 524288K, used 447786K [0x00000000e0000000, 0x0000000100000000)
  region size 1024K, 178 young (182272K), 12 survivors (12288K)
 Metaspace       used 251039K, committed 253056K, reserved 589824K
  class space    used 33356K, committed 34368K, reserved 327680K
}
Event: 197.761 GC heap after
{Heap after GC invocations=111 (full 0):
 garbage-first heap   total 524288K, used 281907K [0x00000000e0000000, 0x0000000100000000)
  region size 1024K, 16 young (16384K), 16 survivors (16384K)
 Metaspace       used 251039K, committed 253056K, reserved 589824K
  class space    used 33356K, committed 34368K, reserved 327680K
}
Event: 197.775 GC heap before
{Heap before GC invocations=111 (full 0):
 garbage-first heap   total 524288K, used 290099K [0x00000000e0000000, 0x0000000100000000)
  region size 1024K, 25 young (25600K), 16 survivors (16384K)
 Metaspace       used 251039K, committed 253056K, reserved 589824K
  class space    used 33356K, committed 34368K, reserved 327680K
}
Event: 197.792 GC heap after
{Heap after GC invocations=112 (full 0):
 garbage-first heap   total 524288K, used 276805K [0x00000000e0000000, 0x0000000100000000)
  region size 1024K, 3 young (3072K), 3 survivors (3072K)
 Metaspace       used 251039K, committed 253056K, reserved 589824K
  class space    used 33356K, committed 34368K, reserved 327680K
}
Event: 206.964 GC heap before
{Heap before GC invocations=112 (full 0):
 garbage-first heap   total 524288K, used 448837K [0x00000000e0000000, 0x0000000100000000)
  region size 1024K, 171 young (175104K), 3 survivors (3072K)
 Metaspace       used 260294K, committed 262400K, reserved 589824K
  class space    used 34499K, committed 35520K, reserved 327680K
}
Event: 206.967 GC heap after
{Heap after GC invocations=113 (full 0):
 garbage-first heap   total 524288K, used 281423K [0x00000000e0000000, 0x0000000100000000)
  region size 1024K, 8 young (8192K), 8 survivors (8192K)
 Metaspace       used 260294K, committed 262400K, reserved 589824K
  class space    used 34499K, committed 35520K, reserved 327680K
}
Event: 207.217 GC heap before
{Heap before GC invocations=113 (full 0):
 garbage-first heap   total 524288K, used 447311K [0x00000000e0000000, 0x0000000100000000)
  region size 1024K, 170 young (174080K), 8 survivors (8192K)
 Metaspace       used 260313K, committed 262400K, reserved 589824K
  class space    used 34499K, committed 35520K, reserved 327680K
}
Event: 207.220 GC heap after
{Heap after GC invocations=114 (full 0):
 garbage-first heap   total 524288K, used 281955K [0x00000000e0000000, 0x0000000100000000)
  region size 1024K, 8 young (8192K), 8 survivors (8192K)
 Metaspace       used 260313K, committed 262400K, reserved 589824K
  class space    used 34499K, committed 35520K, reserved 327680K
}
Event: 209.520 GC heap before
{Heap before GC invocations=114 (full 0):
 garbage-first heap   total 524288K, used 429411K [0x00000000e0000000, 0x0000000100000000)
  region size 1024K, 154 young (157696K), 8 survivors (8192K)
 Metaspace       used 268721K, committed 270848K, reserved 589824K
  class space    used 35512K, committed 36544K, reserved 327680K
}
Event: 209.528 GC heap after
{Heap after GC invocations=115 (full 0):
 garbage-first heap   total 524288K, used 290617K [0x00000000e0000000, 0x0000000100000000)
  region size 1024K, 17 young (17408K), 17 survivors (17408K)
 Metaspace       used 268721K, committed 270848K, reserved 589824K
  class space    used 35512K, committed 36544K, reserved 327680K
}
Event: 211.110 GC heap before
{Heap before GC invocations=116 (full 0):
 garbage-first heap   total 524288K, used 448313K [0x00000000e0000000, 0x0000000100000000)
  region size 1024K, 170 young (174080K), 17 survivors (17408K)
 Metaspace       used 269379K, committed 271488K, reserved 589824K
  class space    used 35613K, committed 36672K, reserved 327680K
}
Event: 211.116 GC heap after
{Heap after GC invocations=117 (full 0):
 garbage-first heap   total 524288K, used 292754K [0x00000000e0000000, 0x0000000100000000)
  region size 1024K, 13 young (13312K), 13 survivors (13312K)
 Metaspace       used 269379K, committed 271488K, reserved 589824K
  class space    used 35613K, committed 36672K, reserved 327680K
}
Event: 211.138 GC heap before
{Heap before GC invocations=117 (full 0):
 garbage-first heap   total 524288K, used 305042K [0x00000000e0000000, 0x0000000100000000)
  region size 1024K, 25 young (25600K), 13 survivors (13312K)
 Metaspace       used 269379K, committed 271488K, reserved 589824K
  class space    used 35613K, committed 36672K, reserved 327680K
}
Event: 211.149 GC heap after
{Heap after GC invocations=118 (full 0):
 garbage-first heap   total 524288K, used 284019K [0x00000000e0000000, 0x0000000100000000)
  region size 1024K, 2 young (2048K), 2 survivors (2048K)
 Metaspace       used 269379K, committed 271488K, reserved 589824K
  class space    used 35613K, committed 36672K, reserved 327680K
}
Event: 213.626 GC heap before
{Heap before GC invocations=118 (full 0):
 garbage-first heap   total 524288K, used 449907K [0x00000000e0000000, 0x0000000100000000)
  region size 1024K, 164 young (167936K), 2 survivors (2048K)
 Metaspace       used 272648K, committed 274816K, reserved 589824K
  class space    used 36070K, committed 37120K, reserved 327680K
}
Event: 213.630 GC heap after
{Heap after GC invocations=119 (full 0):
 garbage-first heap   total 524288K, used 287366K [0x00000000e0000000, 0x0000000100000000)
  region size 1024K, 6 young (6144K), 6 survivors (6144K)
 Metaspace       used 272648K, committed 274816K, reserved 589824K
  class space    used 36070K, committed 37120K, reserved 327680K
}
Event: 215.377 GC heap before
{Heap before GC invocations=119 (full 0):
 garbage-first heap   total 524288K, used 449158K [0x00000000e0000000, 0x0000000100000000)
  region size 1024K, 165 young (168960K), 6 survivors (6144K)
 Metaspace       used 275395K, committed 277632K, reserved 589824K
  class space    used 36450K, committed 37568K, reserved 327680K
}
Event: 215.382 GC heap after
{Heap after GC invocations=120 (full 0):
 garbage-first heap   total 524288K, used 291046K [0x00000000e0000000, 0x0000000100000000)
  region size 1024K, 9 young (9216K), 9 survivors (9216K)
 Metaspace       used 275395K, committed 277632K, reserved 589824K
  class space    used 36450K, committed 37568K, reserved 327680K
}

